<?xml version="1.0" encoding="UTF-8"?>
<!-- Generated by org.testng.reporters.JUnitReportReporter -->
<testsuite hostname="Ivaan" failures="0" tests="1" name="base.BaseTest" time="0.008" errors="0" timestamp="2025-08-20T11:42:14 IST" skipped="0">
  <testcase classname="base.BaseTest" name="f" time="0.008"/>
</testsuite> <!-- base.BaseTest -->
