<?xml version="1.0" encoding="UTF-8"?>
<!-- Generated by org.testng.reporters.JUnitReportReporter -->
<testsuite hostname="Ivaan" failures="0" tests="1" name="tests.AdminSearchTest" time="18.040" errors="0" timestamp="2025-08-25T21:01:59 IST" skipped="0">
  <testcase classname="tests.AdminSearchTest" name="searchAdminUserTest" time="18.040"/>
</testsuite> <!-- tests.AdminSearchTest -->
