<?xml version="1.0" encoding="UTF-8"?>
<!-- Generated by org.testng.reporters.JUnitReportReporter -->
<testsuite hostname="Ivaan" failures="0" tests="1" name="dataprovider.LoginTest" time="1.655" errors="0" timestamp="2025-08-23T22:42:38 IST" skipped="0">
  <testcase classname="dataprovider.LoginTest" name="loginTest" time="1.655"/>
</testsuite> <!-- dataprovider.LoginTest -->
