<?xml version="1.0" encoding="UTF-8"?>
<!-- Generated by org.testng.reporters.JUnitReportReporter -->
<testsuite hostname="Ivaan" failures="0" tests="1" name="tests.LoginTest" time="17.119" errors="0" timestamp="2025-08-25T21:01:59 IST" skipped="0">
  <testcase classname="tests.LoginTest" name="loginTest" time="17.119"/>
</testsuite> <!-- tests.LoginTest -->
